# JRE version: OpenJDK Runtime Environment JBR-17.0.14+1-1367.22-nomod (17.0.14+1) (build 17.0.14+1-b1367.22)
# Java VM: OpenJDK 64-Bit Server VM JBR-17.0.14+1-1367.22-nomod (17.0.14+1-b1367.22, mixed mode, sharing, tiered, compressed oops, compressed class ptrs, g1 gc, windows-amd64)
GC Precious Log:
 CPUs: 8 total, 8 available
 Memory: 5965M
 Large Page Support: Disabled
 NUMA Support: Disabled
 Compressed Oops: Enabled (32-bit)
 Heap Region Size: 1M
 Heap Min Capacity: 8M
 Heap Initial Capacity: 94M
 Heap Max Capacity: 2G
 Pre-touch: Disabled
 Parallel Workers: 8
 Concurrent Workers: 2
 Concurrent Refinement Workers: 8
 Periodic GC: Disabled
Heap:
 garbage-first heap   total 102400K, used 71602K [0x0000000080000000, 0x0000000100000000)
  region size 1024K, 15 young (15360K), 1 survivors (1024K)
 Metaspace       used 62652K, committed 63296K, reserved 1114112K
  class space    used 8807K, committed 9088K, reserved 1048576K
GC Heap History (20 events):
Event: 17.663 GC heap before
{Heap before GC invocations=16 (full 0):
 garbage-first heap   total 86016K, used 47124K [0x0000000080000000, 0x0000000100000000)
  region size 1024K, 4 young (4096K), 3 survivors (3072K)
 Metaspace       used 53920K, committed 54464K, reserved 1114112K
  class space    used 7659K, committed 7872K, reserved 1048576K
}
Event: 17.668 GC heap after
{Heap after GC invocations=17 (full 0):
 garbage-first heap   total 86016K, used 45601K [0x0000000080000000, 0x0000000100000000)
  region size 1024K, 1 young (1024K), 1 survivors (1024K)
 Metaspace       used 53920K, committed 54464K, reserved 1114112K
  class space    used 7659K, committed 7872K, reserved 1048576K
}
Event: 18.674 GC heap before
{Heap before GC invocations=17 (full 0):
 garbage-first heap   total 86016K, used 63009K [0x0000000080000000, 0x0000000100000000)
  region size 1024K, 19 young (19456K), 1 survivors (1024K)
 Metaspace       used 54434K, committed 55040K, reserved 1114112K
  class space    used 7708K, committed 7936K, reserved 1048576K
}
Event: 18.677 GC heap after
{Heap after GC invocations=18 (full 0):
 garbage-first heap   total 86016K, used 46550K [0x0000000080000000, 0x0000000100000000)
  region size 1024K, 2 young (2048K), 2 survivors (2048K)
 Metaspace       used 54434K, committed 55040K, reserved 1114112K
  class space    used 7708K, committed 7936K, reserved 1048576K
}
Event: 21.021 GC heap before
{Heap before GC invocations=19 (full 0):
 garbage-first heap   total 86016K, used 72150K [0x0000000080000000, 0x0000000100000000)
  region size 1024K, 23 young (23552K), 2 survivors (2048K)
 Metaspace       used 55584K, committed 56192K, reserved 1114112K
  class space    used 7867K, committed 8128K, reserved 1048576K
}
Event: 21.024 GC heap after
{Heap after GC invocations=20 (full 0):
 garbage-first heap   total 86016K, used 56489K [0x0000000080000000, 0x0000000100000000)
  region size 1024K, 3 young (3072K), 3 survivors (3072K)
 Metaspace       used 55584K, committed 56192K, reserved 1114112K
  class space    used 7867K, committed 8128K, reserved 1048576K
}
Event: 21.051 GC heap before
{Heap before GC invocations=20 (full 0):
 garbage-first heap   total 86016K, used 56489K [0x0000000080000000, 0x0000000100000000)
  region size 1024K, 4 young (4096K), 3 survivors (3072K)
 Metaspace       used 55642K, committed 56256K, reserved 1114112K
  class space    used 7875K, committed 8128K, reserved 1048576K
}
Event: 21.054 GC heap after
{Heap after GC invocations=21 (full 0):
 garbage-first heap   total 86016K, used 56644K [0x0000000080000000, 0x0000000100000000)
  region size 1024K, 1 young (1024K), 1 survivors (1024K)
 Metaspace       used 55642K, committed 56256K, reserved 1114112K
  class space    used 7875K, committed 8128K, reserved 1048576K
}
Event: 21.112 GC heap before
{Heap before GC invocations=21 (full 0):
 garbage-first heap   total 86016K, used 57668K [0x0000000080000000, 0x0000000100000000)
  region size 1024K, 4 young (4096K), 1 survivors (1024K)
 Metaspace       used 55782K, committed 56384K, reserved 1114112K
  class space    used 7886K, committed 8128K, reserved 1048576K
}
Event: 21.114 GC heap after
{Heap after GC invocations=22 (full 0):
 garbage-first heap   total 86016K, used 56999K [0x0000000080000000, 0x0000000100000000)
  region size 1024K, 1 young (1024K), 1 survivors (1024K)
 Metaspace       used 55782K, committed 56384K, reserved 1114112K
  class space    used 7886K, committed 8128K, reserved 1048576K
}
Event: 22.463 GC heap before
{Heap before GC invocations=23 (full 0):
 garbage-first heap   total 102400K, used 69287K [0x0000000080000000, 0x0000000100000000)
  region size 1024K, 12 young (12288K), 1 survivors (1024K)
 Metaspace       used 56649K, committed 57280K, reserved 1114112K
  class space    used 8001K, committed 8256K, reserved 1048576K
}
Event: 22.465 GC heap after
{Heap after GC invocations=24 (full 0):
 garbage-first heap   total 102400K, used 58345K [0x0000000080000000, 0x0000000100000000)
  region size 1024K, 1 young (1024K), 1 survivors (1024K)
 Metaspace       used 56649K, committed 57280K, reserved 1114112K
  class space    used 8001K, committed 8256K, reserved 1048576K
}
Event: 22.563 GC heap before
{Heap before GC invocations=24 (full 0):
 garbage-first heap   total 102400K, used 61417K [0x0000000080000000, 0x0000000100000000)
  region size 1024K, 5 young (5120K), 1 survivors (1024K)
 Metaspace       used 56980K, committed 57600K, reserved 1114112K
  class space    used 8045K, committed 8320K, reserved 1048576K
}
Event: 22.566 GC heap after
{Heap after GC invocations=25 (full 0):
 garbage-first heap   total 102400K, used 57583K [0x0000000080000000, 0x0000000100000000)
  region size 1024K, 1 young (1024K), 1 survivors (1024K)
 Metaspace       used 56980K, committed 57600K, reserved 1114112K
  class space    used 8045K, committed 8320K, reserved 1048576K
}
Event: 27.113 GC heap before
{Heap before GC invocations=25 (full 0):
 garbage-first heap   total 102400K, used 77039K [0x0000000080000000, 0x0000000100000000)
  region size 1024K, 21 young (21504K), 1 survivors (1024K)
 Metaspace       used 58740K, committed 59328K, reserved 1114112K
  class space    used 8293K, committed 8512K, reserved 1048576K
}
Event: 27.116 GC heap after
{Heap after GC invocations=26 (full 0):
 garbage-first heap   total 102400K, used 58247K [0x0000000080000000, 0x0000000100000000)
  region size 1024K, 2 young (2048K), 2 survivors (2048K)
 Metaspace       used 58740K, committed 59328K, reserved 1114112K
  class space    used 8293K, committed 8512K, reserved 1048576K
}
Event: 27.577 GC heap before
{Heap before GC invocations=27 (full 0):
 garbage-first heap   total 102400K, used 79751K [0x0000000080000000, 0x0000000100000000)
  region size 1024K, 23 young (23552K), 2 survivors (2048K)
 Metaspace       used 60989K, committed 61568K, reserved 1114112K
  class space    used 8555K, committed 8768K, reserved 1048576K
}
Event: 27.579 GC heap after
{Heap after GC invocations=28 (full 0):
 garbage-first heap   total 102400K, used 58626K [0x0000000080000000, 0x0000000100000000)
  region size 1024K, 2 young (2048K), 2 survivors (2048K)
 Metaspace       used 60989K, committed 61568K, reserved 1114112K
  class space    used 8555K, committed 8768K, reserved 1048576K
}
Event: 27.664 GC heap before
{Heap before GC invocations=28 (full 0):
 garbage-first heap   total 102400K, used 61698K [0x0000000080000000, 0x0000000100000000)
  region size 1024K, 5 young (5120K), 2 survivors (2048K)
 Metaspace       used 61355K, committed 61952K, reserved 1114112K
  class space    used 8595K, committed 8832K, reserved 1048576K
}
Event: 27.667 GC heap after
{Heap after GC invocations=29 (full 0):
 garbage-first heap   total 102400K, used 58290K [0x0000000080000000, 0x0000000100000000)
  region size 1024K, 1 young (1024K), 1 survivors (1024K)
 Metaspace       used 61355K, committed 61952K, reserved 1114112K
  class space    used 8595K, committed 8832K, reserved 1048576K
}

